# JRE version: OpenJDK Runtime Environment (21.0.5) (build 21.0.5+-12932927-b750.29)
# Java VM: OpenJDK 64-Bit Server VM (21.0.5+-12932927-b750.29, mixed mode, tiered, compressed oops, compressed class ptrs, g1 gc, windows-amd64)
GC Precious Log:
 CardTable entry size: 512
 Card Set container configuration: InlinePtr #cards 5 size 8 Array Of Cards #cards 12 size 40 Howl #buckets 4 coarsen threshold 1843 Howl Bitmap #cards 512 size 80 coarsen threshold 460 Card regions per heap region 1 cards per card region 2048
 CPUs: 4 total, 4 available
 Memory: 8053M
 Large Page Support: Disabled
 NUMA Support: Disabled
 Compressed Oops: Enabled (32-bit)
 Heap Region Size: 1M
 Heap Min Capacity: 8M
 Heap Initial Capacity: 126M
 Heap Max Capacity: 2G
 Pre-touch: Disabled
 Parallel Workers: 4
 Concurrent Workers: 1
 Concurrent Refinement Workers: 4
 Periodic GC: Disabled
Heap:
 garbage-first heap   total 107520K, used 101639K [0x0000000080000000, 0x0000000100000000)
  region size 1024K, 36 young (36864K), 4 survivors (4096K)
 Metaspace       used 78981K, committed 80704K, reserved 1179648K
  class space    used 10501K, committed 11392K, reserved 1048576K
GC Heap History (20 events):
Event: 25.986 GC heap after
{Heap after GC invocations=21 (full 0):
 garbage-first heap   total 86016K, used 42900K [0x0000000080000000, 0x0000000100000000)
  region size 1024K, 5 young (5120K), 5 survivors (5120K)
 Metaspace       used 65328K, committed 66944K, reserved 1114112K
  class space    used 8796K, committed 9600K, reserved 1048576K
}
Event: 27.665 GC heap before
{Heap before GC invocations=21 (full 0):
 garbage-first heap   total 86016K, used 73620K [0x0000000080000000, 0x0000000100000000)
  region size 1024K, 36 young (36864K), 5 survivors (5120K)
 Metaspace       used 67506K, committed 69120K, reserved 1114112K
  class space    used 9069K, committed 9856K, reserved 1048576K
}
Event: 27.680 GC heap after
{Heap after GC invocations=22 (full 0):
 garbage-first heap   total 86016K, used 46580K [0x0000000080000000, 0x0000000100000000)
  region size 1024K, 4 young (4096K), 4 survivors (4096K)
 Metaspace       used 67506K, committed 69120K, reserved 1114112K
  class space    used 9069K, committed 9856K, reserved 1048576K
}
Event: 28.562 GC heap before
{Heap before GC invocations=22 (full 0):
 garbage-first heap   total 86016K, used 74228K [0x0000000080000000, 0x0000000100000000)
  region size 1024K, 31 young (31744K), 4 survivors (4096K)
 Metaspace       used 68005K, committed 69632K, reserved 1114112K
  class space    used 9098K, committed 9856K, reserved 1048576K
}
Event: 28.571 GC heap after
{Heap after GC invocations=23 (full 0):
 garbage-first heap   total 86016K, used 47656K [0x0000000080000000, 0x0000000100000000)
  region size 1024K, 2 young (2048K), 2 survivors (2048K)
 Metaspace       used 68005K, committed 69632K, reserved 1114112K
  class space    used 9098K, committed 9856K, reserved 1048576K
}
Event: 29.251 GC heap before
{Heap before GC invocations=24 (full 0):
 garbage-first heap   total 86016K, used 75304K [0x0000000080000000, 0x0000000100000000)
  region size 1024K, 30 young (30720K), 2 survivors (2048K)
 Metaspace       used 68152K, committed 69696K, reserved 1114112K
  class space    used 9098K, committed 9856K, reserved 1048576K
}
Event: 29.255 GC heap after
{Heap after GC invocations=25 (full 0):
 garbage-first heap   total 86016K, used 48437K [0x0000000080000000, 0x0000000100000000)
  region size 1024K, 2 young (2048K), 2 survivors (2048K)
 Metaspace       used 68152K, committed 69696K, reserved 1114112K
  class space    used 9098K, committed 9856K, reserved 1048576K
}
Event: 29.721 GC heap before
{Heap before GC invocations=25 (full 0):
 garbage-first heap   total 86016K, used 77109K [0x0000000080000000, 0x0000000100000000)
  region size 1024K, 31 young (31744K), 2 survivors (2048K)
 Metaspace       used 68321K, committed 69952K, reserved 1114112K
  class space    used 9129K, committed 9920K, reserved 1048576K
}
Event: 29.729 GC heap after
{Heap after GC invocations=26 (full 0):
 garbage-first heap   total 86016K, used 49449K [0x0000000080000000, 0x0000000100000000)
  region size 1024K, 4 young (4096K), 4 survivors (4096K)
 Metaspace       used 68321K, committed 69952K, reserved 1114112K
  class space    used 9129K, committed 9920K, reserved 1048576K
}
Event: 29.844 GC heap before
{Heap before GC invocations=26 (full 0):
 garbage-first heap   total 86016K, used 50473K [0x0000000080000000, 0x0000000100000000)
  region size 1024K, 6 young (6144K), 4 survivors (4096K)
 Metaspace       used 68394K, committed 70016K, reserved 1114112K
  class space    used 9137K, committed 9920K, reserved 1048576K
}
Event: 29.849 GC heap after
{Heap after GC invocations=27 (full 0):
 garbage-first heap   total 86016K, used 49640K [0x0000000080000000, 0x0000000100000000)
  region size 1024K, 3 young (3072K), 3 survivors (3072K)
 Metaspace       used 68394K, committed 70016K, reserved 1114112K
  class space    used 9137K, committed 9920K, reserved 1048576K
}
Event: 32.736 GC heap before
{Heap before GC invocations=28 (full 0):
 garbage-first heap   total 89088K, used 82408K [0x0000000080000000, 0x0000000100000000)
  region size 1024K, 29 young (29696K), 3 survivors (3072K)
 Metaspace       used 70064K, committed 71680K, reserved 1114112K
  class space    used 9334K, committed 10112K, reserved 1048576K
}
Event: 32.745 GC heap after
{Heap after GC invocations=29 (full 0):
 garbage-first heap   total 93184K, used 61902K [0x0000000080000000, 0x0000000100000000)
  region size 1024K, 4 young (4096K), 4 survivors (4096K)
 Metaspace       used 70064K, committed 71680K, reserved 1114112K
  class space    used 9334K, committed 10112K, reserved 1048576K
}
Event: 33.454 GC heap before
{Heap before GC invocations=29 (full 0):
 garbage-first heap   total 93184K, used 81358K [0x0000000080000000, 0x0000000100000000)
  region size 1024K, 24 young (24576K), 4 survivors (4096K)
 Metaspace       used 72065K, committed 73728K, reserved 1114112K
  class space    used 9591K, committed 10432K, reserved 1048576K
}
Event: 33.459 GC heap after
{Heap after GC invocations=30 (full 0):
 garbage-first heap   total 93184K, used 62693K [0x0000000080000000, 0x0000000100000000)
  region size 1024K, 1 young (1024K), 1 survivors (1024K)
 Metaspace       used 72065K, committed 73728K, reserved 1114112K
  class space    used 9591K, committed 10432K, reserved 1048576K
}
Event: 34.306 GC heap before
{Heap before GC invocations=30 (full 0):
 garbage-first heap   total 93184K, used 84197K [0x0000000080000000, 0x0000000100000000)
  region size 1024K, 22 young (22528K), 1 survivors (1024K)
 Metaspace       used 74851K, committed 76480K, reserved 1179648K
  class space    used 9893K, committed 10688K, reserved 1048576K
}
Event: 34.309 GC heap after
{Heap after GC invocations=31 (full 0):
 garbage-first heap   total 93184K, used 63138K [0x0000000080000000, 0x0000000100000000)
  region size 1024K, 2 young (2048K), 2 survivors (2048K)
 Metaspace       used 74851K, committed 76480K, reserved 1179648K
  class space    used 9893K, committed 10688K, reserved 1048576K
}
Event: 35.939 GC heap before
{Heap before GC invocations=32 (full 0):
 garbage-first heap   total 107520K, used 83618K [0x0000000080000000, 0x0000000100000000)
  region size 1024K, 22 young (22528K), 2 survivors (2048K)
 Metaspace       used 77080K, committed 78848K, reserved 1179648K
  class space    used 10249K, committed 11136K, reserved 1048576K
}
Event: 35.944 GC heap after
{Heap after GC invocations=33 (full 0):
 garbage-first heap   total 107520K, used 63751K [0x0000000080000000, 0x0000000100000000)
  region size 1024K, 2 young (2048K), 2 survivors (2048K)
 Metaspace       used 77080K, committed 78848K, reserved 1179648K
  class space    used 10249K, committed 11136K, reserved 1048576K
}
Event: 36.884 GC heap before
{Heap before GC invocations=33 (full 0):
 garbage-first heap   total 107520K, used 100615K [0x0000000080000000, 0x0000000100000000)
  region size 1024K, 34 young (34816K), 2 survivors (2048K)
 Metaspace       used 78981K, committed 80704K, reserved 1179648K
  class space    used 10501K, committed 11392K, reserved 1048576K
}

